<?xml version="1.0" encoding="UTF-8"?>
<!-- Generated by org.testng.reporters.JUnitXMLReporter -->
<testsuite ignored="0" hostname="ZakirZR-Bluestone" failures="0" tests="7" name="Default test" time="42.014" errors="0" timestamp="2022-11-30T15:26:19 IST">
  <testcase classname="JIRA.JIRA_CRUD" name="LoginToJIRA" time="1.08"/>
  <testcase classname="JIRA.JIRA_CRUD" name="createProject" time="0.588"/>
  <testcase classname="JIRA.JIRA_CRUD" name="createIssue" time="0.072"/>
  <testcase classname="JIRA.JIRA_CRUD" name="addComment" time="0.043"/>
  <testcase classname="JIRA.JIRA_CRUD" name="UpdateComment" time="0.03"/>
  <testcase classname="JIRA.JIRA_CRUD" name="AddAttachment" time="0.105"/>
  <testcase classname="JIRA.JIRA_CRUD" name="DeleteProject" time="40.064"/>
</testsuite> <!-- Default test -->
