<?xml version="1.0" encoding="UTF-8"?>
<testng-results ignored="0" total="9" passed="9" failed="0" skipped="0">
  <reporter-output>
  </reporter-output>
  <suite started-at="2022-11-30T16:23:50 IST" name="Default suite" finished-at="2022-11-30T16:24:32 IST" duration-ms="42313">
    <groups>
    </groups>
    <test started-at="2022-11-30T16:23:50 IST" name="Default test" finished-at="2022-11-30T16:24:32 IST" duration-ms="42313">
      <class name="JIRA.JIRA_CRUD">
        <test-method signature="LoginToJIRA()[pri:1, instance:JIRA.JIRA_CRUD@32502377]" started-at="2022-11-30T16:23:50 IST" name="LoginToJIRA" finished-at="2022-11-30T16:23:51 IST" duration-ms="1209" status="PASS">
          <reporter-output>
          </reporter-output>
        </test-method> <!-- LoginToJIRA -->
        <test-method signature="createProject()[pri:2, instance:JIRA.JIRA_CRUD@32502377]" started-at="2022-11-30T16:23:51 IST" name="createProject" finished-at="2022-11-30T16:23:51 IST" duration-ms="641" status="PASS">
          <reporter-output>
          </reporter-output>
        </test-method> <!-- createProject -->
        <test-method signature="createIssue()[pri:3, instance:JIRA.JIRA_CRUD@32502377]" started-at="2022-11-30T16:23:51 IST" name="createIssue" finished-at="2022-11-30T16:23:52 IST" duration-ms="71" status="PASS">
          <reporter-output>
          </reporter-output>
        </test-method> <!-- createIssue -->
        <test-method signature="addComment01()[pri:4, instance:JIRA.JIRA_CRUD@32502377]" started-at="2022-11-30T16:23:52 IST" name="addComment01" finished-at="2022-11-30T16:23:52 IST" duration-ms="44" status="PASS">
          <reporter-output>
          </reporter-output>
        </test-method> <!-- addComment01 -->
        <test-method signature="UpdateComment()[pri:5, instance:JIRA.JIRA_CRUD@32502377]" started-at="2022-11-30T16:23:52 IST" name="UpdateComment" finished-at="2022-11-30T16:23:52 IST" duration-ms="34" status="PASS">
          <reporter-output>
          </reporter-output>
        </test-method> <!-- UpdateComment -->
        <test-method signature="getAll_IssueDetails()[pri:6, instance:JIRA.JIRA_CRUD@32502377]" started-at="2022-11-30T16:23:52 IST" name="getAll_IssueDetails" finished-at="2022-11-30T16:23:52 IST" duration-ms="18" status="PASS">
          <reporter-output>
          </reporter-output>
        </test-method> <!-- getAll_IssueDetails -->
        <test-method signature="getComments_Details_Only_Of_An_Issue()[pri:7, instance:JIRA.JIRA_CRUD@32502377]" started-at="2022-11-30T16:23:52 IST" name="getComments_Details_Only_Of_An_Issue" finished-at="2022-11-30T16:23:52 IST" duration-ms="94" status="PASS">
          <reporter-output>
          </reporter-output>
        </test-method> <!-- getComments_Details_Only_Of_An_Issue -->
        <test-method signature="AddAttachment()[pri:8, instance:JIRA.JIRA_CRUD@32502377]" started-at="2022-11-30T16:23:52 IST" name="AddAttachment" finished-at="2022-11-30T16:23:52 IST" duration-ms="96" status="PASS">
          <reporter-output>
          </reporter-output>
        </test-method> <!-- AddAttachment -->
        <test-method signature="DeleteProject()[pri:10, instance:JIRA.JIRA_CRUD@32502377]" started-at="2022-11-30T16:23:52 IST" name="DeleteProject" finished-at="2022-11-30T16:24:32 IST" duration-ms="40072" status="PASS">
          <reporter-output>
          </reporter-output>
        </test-method> <!-- DeleteProject -->
      </class> <!-- JIRA.JIRA_CRUD -->
    </test> <!-- Default test -->
  </suite> <!-- Default suite -->
</testng-results>
