<?xml version="1.0" encoding="UTF-8"?>
<testng-results ignored="0" total="6" passed="6" failed="0" skipped="0">
  <reporter-output>
  </reporter-output>
  <suite started-at="2022-11-30T12:35:34 IST" name="Default suite" finished-at="2022-11-30T12:35:36 IST" duration-ms="1889">
    <groups>
    </groups>
    <test started-at="2022-11-30T12:35:34 IST" name="Default test" finished-at="2022-11-30T12:35:36 IST" duration-ms="1889">
      <class name="JIRA.JIRA_CRUD">
        <test-method signature="LoginToJIRA()[pri:1, instance:JIRA.JIRA_CRUD@316bcf94]" started-at="2022-11-30T12:35:34 IST" name="LoginToJIRA" finished-at="2022-11-30T12:35:35 IST" duration-ms="1019" status="PASS">
          <reporter-output>
          </reporter-output>
        </test-method> <!-- LoginToJIRA -->
        <test-method signature="createProject()[pri:2, instance:JIRA.JIRA_CRUD@316bcf94]" started-at="2022-11-30T12:35:35 IST" name="createProject" finished-at="2022-11-30T12:35:36 IST" duration-ms="581" status="PASS">
          <reporter-output>
          </reporter-output>
        </test-method> <!-- createProject -->
        <test-method signature="createIssue()[pri:3, instance:JIRA.JIRA_CRUD@316bcf94]" started-at="2022-11-30T12:35:36 IST" name="createIssue" finished-at="2022-11-30T12:35:36 IST" duration-ms="66" status="PASS">
          <reporter-output>
          </reporter-output>
        </test-method> <!-- createIssue -->
        <test-method signature="addComment()[pri:4, instance:JIRA.JIRA_CRUD@316bcf94]" started-at="2022-11-30T12:35:36 IST" name="addComment" finished-at="2022-11-30T12:35:36 IST" duration-ms="44" status="PASS">
          <reporter-output>
          </reporter-output>
        </test-method> <!-- addComment -->
        <test-method signature="UpdateComment()[pri:5, instance:JIRA.JIRA_CRUD@316bcf94]" started-at="2022-11-30T12:35:36 IST" name="UpdateComment" finished-at="2022-11-30T12:35:36 IST" duration-ms="33" status="PASS">
          <reporter-output>
          </reporter-output>
        </test-method> <!-- UpdateComment -->
        <test-method signature="DeleteProject()[pri:6, instance:JIRA.JIRA_CRUD@316bcf94]" started-at="2022-11-30T12:35:36 IST" name="DeleteProject" finished-at="2022-11-30T12:35:36 IST" duration-ms="115" status="PASS">
          <reporter-output>
          </reporter-output>
        </test-method> <!-- DeleteProject -->
      </class> <!-- JIRA.JIRA_CRUD -->
    </test> <!-- Default test -->
  </suite> <!-- Default suite -->
</testng-results>
